::1 - - [10/Jan/2021:06:34:42 +0000] "GET /api/v1/categories/ HTTP/1.1" 200 55 "-" "PostmanRuntime/7.26.8"
::1 - - [10/Jan/2021:06:49:35 +0000] "GET /api/v1/categories/ HTTP/1.1" 200 55 "-" "PostmanRuntime/7.26.8"
::1 - - [10/Jan/2021:06:51:24 +0000] "GET /api/v1/categories/12 HTTP/1.1" 200 62 "-" "PostmanRuntime/7.26.8"
::1 - - [10/Jan/2021:06:52:23 +0000] "POST /api/v1/categories/ HTTP/1.1" 200 64 "-" "PostmanRuntime/7.26.8"
::1 - - [10/Jan/2021:06:53:04 +0000] "PUT /api/v1/categories/12 HTTP/1.1" 200 85 "-" "PostmanRuntime/7.26.8"
::1 - - [10/Jan/2021:07:16:52 +0000] "GET /api/v1/categories/ HTTP/1.1" 200 55 "-" "PostmanRuntime/7.26.8"
::1 - - [13/Jan/2021:06:14:28 +0000] "POST /api/v1/categories/ HTTP/1.1" 200 64 "-" "PostmanRuntime/7.26.8"
::1 - - [13/Jan/2021:06:25:49 +0000] "POST /api/v1/categories/ HTTP/1.1" 200 64 "-" "PostmanRuntime/7.26.8"
::1 - - [13/Jan/2021:06:33:21 +0000] "POST /api/v1/categories/ HTTP/1.1" 400 510 "-" "PostmanRuntime/7.26.8"
::1 - - [13/Jan/2021:06:35:46 +0000] "POST /api/v1/categories/ HTTP/1.1" 200 280 "-" "PostmanRuntime/7.26.8"
::1 - - [13/Jan/2021:06:37:02 +0000] "POST /api/v1/categories/ HTTP/1.1" 400 152 "-" "PostmanRuntime/7.26.8"
::1 - - [13/Jan/2021:06:44:39 +0000] "POST /api/v1/categories/ HTTP/1.1" 200 233 "-" "PostmanRuntime/7.26.8"
::1 - - [13/Jan/2021:06:50:08 +0000] "GET /api/v1/categories/ HTTP/1.1" 200 492 "-" "PostmanRuntime/7.26.8"
::1 - - [13/Jan/2021:07:06:32 +0000] "GET /api/v1/categories/12 HTTP/1.1" 200 62 "-" "PostmanRuntime/7.26.8"
::1 - - [13/Jan/2021:07:07:26 +0000] "GET /api/v1/categories/12 HTTP/1.1" 400 106 "-" "PostmanRuntime/7.26.8"
::1 - - [13/Jan/2021:07:09:00 +0000] "GET /api/v1/categories/12 HTTP/1.1" 400 106 "-" "PostmanRuntime/7.26.8"
::1 - - [13/Jan/2021:07:09:33 +0000] "GET /api/v1/categories/5ffe94c2d21f7d0898ec31e2 HTTP/1.1" 200 280 "-" "PostmanRuntime/7.26.8"
::1 - - [13/Jan/2021:07:11:35 +0000] "GET /api/v1/categories/5ffe94c2d21f7d0898ec31e1 HTTP/1.1" 400 28 "-" "PostmanRuntime/7.26.8"
::1 - - [13/Jan/2021:07:12:28 +0000] "GET /api/v1/categories/5ffe94c2d21f7d0898ec31e1 HTTP/1.1" 400 115 "-" "PostmanRuntime/7.26.8"
::1 - - [13/Jan/2021:07:13:26 +0000] "GET /api/v1/categories/5ffe94c2d21f7d0898ec31e1 HTTP/1.1" 400 115 "-" "PostmanRuntime/7.26.8"
::1 - - [13/Jan/2021:07:13:30 +0000] "GET /api/v1/categories/5ffe94c2d21f7d0898ec31e2 HTTP/1.1" 200 280 "-" "PostmanRuntime/7.26.8"
::1 - - [13/Jan/2021:07:14:16 +0000] "GET /api/v1/categories/5ffe94c2d21f7d0898ec31e2 HTTP/1.1" 200 280 "-" "PostmanRuntime/7.26.8"
::1 - - [13/Jan/2021:07:14:21 +0000] "GET /api/v1/categories/5ffe94c2d21f7d0898ec31e1 HTTP/1.1" 400 115 "-" "PostmanRuntime/7.26.8"
::1 - - [13/Jan/2021:07:17:14 +0000] "GET /api/v1/categories/5ffe94c2d21f7d0898ec31e1 HTTP/1.1" 400 115 "-" "PostmanRuntime/7.26.8"
::1 - - [13/Jan/2021:07:17:16 +0000] "GET /api/v1/categories/5ffe94c2d21f7d0898ec31e1 HTTP/1.1" 400 115 "-" "PostmanRuntime/7.26.8"
::1 - - [13/Jan/2021:07:17:20 +0000] "GET /api/v1/categories/5ffe94c2d21f7d0898ec31e2 HTTP/1.1" 200 280 "-" "PostmanRuntime/7.26.8"
::1 - - [13/Jan/2021:07:19:11 +0000] "DELETE /api/v1/categories/5ffe94c2d21f7d0898ec31e2 HTTP/1.1" 200 105 "-" "PostmanRuntime/7.26.8"
::1 - - [13/Jan/2021:07:21:10 +0000] "POST /api/v1/categories/ HTTP/1.1" 200 234 "-" "PostmanRuntime/7.26.8"
::1 - - [13/Jan/2021:07:22:16 +0000] "DELETE /api/v1/categories/5ffe9f661c95d82724ce83cq HTTP/1.1" 400 150 "-" "PostmanRuntime/7.26.8"
::1 - - [13/Jan/2021:07:22:28 +0000] "DELETE /api/v1/categories/5ffe9f661c95d82724ce83cf HTTP/1.1" 200 234 "-" "PostmanRuntime/7.26.8"
::1 - - [13/Jan/2021:07:22:50 +0000] "GET /api/v1/categories/ HTTP/1.1" 200 492 "-" "PostmanRuntime/7.26.8"
::1 - - [13/Jan/2021:07:23:40 +0000] "DELETE /api/v1/categories/5ffe94c2d21f7d0898ec31e1 HTTP/1.1" 400 115 "-" "PostmanRuntime/7.26.8"
::1 - - [13/Jan/2021:07:30:40 +0000] "PUT /api/v1/categories/5ffe96d7d21f7d0898ec31e4 HTTP/1.1" 200 226 "-" "PostmanRuntime/7.26.8"
::1 - - [13/Jan/2021:07:30:49 +0000] "GET /api/v1/categories/ HTTP/1.1" 200 485 "-" "PostmanRuntime/7.26.8"
::1 - - [13/Jan/2021:07:35:24 +0000] "POST /api/v1/categories/ HTTP/1.1" 200 280 "-" "PostmanRuntime/7.26.8"
::1 - - [13/Jan/2021:07:36:21 +0000] "POST /api/v1/categories/ HTTP/1.1" 200 282 "-" "PostmanRuntime/7.26.8"
::1 - - [13/Jan/2021:07:36:24 +0000] "GET /api/v1/categories/ HTTP/1.1" 200 1001 "-" "PostmanRuntime/7.26.8"
::1 - - [13/Jan/2021:13:14:00 +0000] "GET /api/v1/categories/5ffe94c2d21f7d0898ec31e21 HTTP/1.1" 400 152 "-" "PostmanRuntime/7.26.8"
::1 - - [13/Jan/2021:13:15:35 +0000] "GET /api/v1/categories/5ffe94c2d21f7d0898ec31e21 HTTP/1.1" 500 17 "-" "PostmanRuntime/7.26.8"
::1 - - [13/Jan/2021:13:15:39 +0000] "GET /api/v1/categories/5ffe94c2d21f7d0898ec31e21 HTTP/1.1" 500 17 "-" "PostmanRuntime/7.26.8"
::1 - - [13/Jan/2021:13:15:53 +0000] "GET /api/v1/categories/5ffe94c2d21f7d0898ec31e21 HTTP/1.1" 500 17 "-" "PostmanRuntime/7.26.8"
::1 - - [13/Jan/2021:13:16:06 +0000] "GET /api/v1/categories/5ffe94c2d21f7d0898ec31e21 HTTP/1.1" 500 130 "-" "PostmanRuntime/7.26.8"
::1 - - [13/Jan/2021:13:16:50 +0000] "POST /api/v1/categories/ HTTP/1.1" 400 510 "-" "PostmanRuntime/7.26.8"
::1 - - [13/Jan/2021:13:17:23 +0000] "POST /api/v1/categories/ HTTP/1.1" 500 142 "-" "PostmanRuntime/7.26.8"
::1 - - [13/Jan/2021:13:18:48 +0000] "POST /api/v1/categories/ HTTP/1.1" 500 142 "-" "PostmanRuntime/7.26.8"
::1 - - [14/Jan/2021:05:22:34 +0000] "GET /api/v1/categories/ HTTP/1.1" 200 1001 "-" "PostmanRuntime/7.26.8"
::1 - - [14/Jan/2021:05:22:48 +0000] "GET /api/v1/categories/5ffe94c2d21f7d0898ec31e2 HTTP/1.1" 200 280 "-" "PostmanRuntime/7.26.8"
::1 - - [14/Jan/2021:05:22:52 +0000] "GET /api/v1/categories/5ffe94c2d21f7d0898ec31e21 HTTP/1.1" 500 130 "-" "PostmanRuntime/7.26.8"
::1 - - [14/Jan/2021:05:23:39 +0000] "GET /api/v1/categories/5ffe94c2d21f7d0898ec31e2 HTTP/1.1" 200 280 "-" "PostmanRuntime/7.26.8"
::1 - - [14/Jan/2021:05:23:41 +0000] "GET /api/v1/categories/5ffe94c2d21f7d0898ec31e21 HTTP/1.1" 500 130 "-" "PostmanRuntime/7.26.8"
::1 - - [14/Jan/2021:05:23:46 +0000] "GET /api/v1/categories/5ffe94c2d21f7d0898ec31e1 HTTP/1.1" 400 115 "-" "PostmanRuntime/7.26.8"
::1 - - [14/Jan/2021:05:26:58 +0000] "DELETE /api/v1/categories/5ffe94c2d21f7d0898ec31e12 HTTP/1.1" 500 130 "-" "PostmanRuntime/7.26.8"
::1 - - [14/Jan/2021:05:27:04 +0000] "DELETE /api/v1/categories/5ffe94c2d21f7d0898ec31e2 HTTP/1.1" 200 280 "-" "PostmanRuntime/7.26.8"
::1 - - [14/Jan/2021:05:27:11 +0000] "GET /api/v1/categories/ HTTP/1.1" 200 744 "-" "PostmanRuntime/7.26.8"
::1 - - [14/Jan/2021:05:27:29 +0000] "DELETE /api/v1/categories/5ffe94c2d21f7d0898ec31e2 HTTP/1.1" 400 115 "-" "PostmanRuntime/7.26.8"
::1 - - [14/Jan/2021:05:37:10 +0000] "GET /api/v1/categories/5ffe94c2d21f7d0898ec31e1 HTTP/1.1" 400 115 "-" "PostmanRuntime/7.26.8"
::1 - - [14/Jan/2021:05:37:17 +0000] "GET /api/v1/categories/5ffe94c2d21f7d0898ec31e2 HTTP/1.1" 400 115 "-" "PostmanRuntime/7.26.8"
::1 - - [14/Jan/2021:05:37:33 +0000] "GET /api/v1/categories/5ffea2bb379fcf23a8d6583e HTTP/1.1" 200 280 "-" "PostmanRuntime/7.26.8"
::1 - - [14/Jan/2021:05:37:38 +0000] "GET /api/v1/categories/5ffea2bb379fcf23a8d6583e1 HTTP/1.1" 500 130 "-" "PostmanRuntime/7.26.8"
::1 - - [14/Jan/2021:05:37:44 +0000] "GET /api/v1/categories/5ffea2bb379fcf23a8d65832 HTTP/1.1" 400 115 "-" "PostmanRuntime/7.26.8"
::1 - - [14/Jan/2021:05:37:49 +0000] "GET /api/v1/categories/5ffea2bb379fcf23a8d6583e HTTP/1.1" 200 280 "-" "PostmanRuntime/7.26.8"
::1 - - [14/Jan/2021:05:39:47 +0000] "GET /api/v1/categories/ HTTP/1.1" 200 744 "-" "PostmanRuntime/7.26.8"
::1 - - [14/Jan/2021:05:39:51 +0000] "GET /api/v1/categories/s HTTP/1.1" 500 106 "-" "PostmanRuntime/7.26.8"
::1 - - [14/Jan/2021:05:39:58 +0000] "GET /api/v1/categories/ HTTP/1.1" 200 744 "-" "PostmanRuntime/7.26.8"
::1 - - [14/Jan/2021:05:40:02 +0000] "GET /api/v1/categories/5ffea2bb379fcf23a8d6583e HTTP/1.1" 200 280 "-" "PostmanRuntime/7.26.8"
::1 - - [14/Jan/2021:05:40:07 +0000] "GET /api/v1/categories/5ffea2bb379fcf23a8d6583a HTTP/1.1" 400 115 "-" "PostmanRuntime/7.26.8"
::1 - - [14/Jan/2021:05:40:10 +0000] "GET /api/v1/categories/5ffea2bb379fcf23a8d6583a1 HTTP/1.1" 500 130 "-" "PostmanRuntime/7.26.8"
::1 - - [14/Jan/2021:05:40:16 +0000] "POST /api/v1/categories/ HTTP/1.1" 500 142 "-" "PostmanRuntime/7.26.8"
::1 - - [14/Jan/2021:05:41:03 +0000] "POST /api/v1/categories/ HTTP/1.1" 500 160 "-" "PostmanRuntime/7.26.8"
::1 - - [14/Jan/2021:05:41:56 +0000] "POST /api/v1/categories/ HTTP/1.1" 200 265 "-" "PostmanRuntime/7.26.8"
::1 - - [14/Jan/2021:05:42:00 +0000] "GET /api/v1/categories/ HTTP/1.1" 200 986 "-" "PostmanRuntime/7.26.8"
::1 - - [14/Jan/2021:05:42:36 +0000] "PUT /api/v1/categories/5fffd9a391aabc1b38883422 HTTP/1.1" 200 267 "-" "PostmanRuntime/7.26.8"
::1 - - [14/Jan/2021:05:42:44 +0000] "PUT /api/v1/categories/5fffd9a391aabc1b38883423 HTTP/1.1" 400 115 "-" "PostmanRuntime/7.26.8"
::1 - - [14/Jan/2021:05:42:48 +0000] "PUT /api/v1/categories/5fffd9a391aabc1b388834233 HTTP/1.1" 500 130 "-" "PostmanRuntime/7.26.8"
::1 - - [14/Jan/2021:05:42:55 +0000] "DELETE /api/v1/categories/5ffe94c2d21f7d0898ec31e2 HTTP/1.1" 400 115 "-" "PostmanRuntime/7.26.8"
::1 - - [14/Jan/2021:05:48:28 +0000] "GET /api/v1/categories/5ffea2bb379fcf23a8d6583e HTTP/1.1" 200 280 "-" "PostmanRuntime/7.26.8"
::1 - - [14/Jan/2021:05:48:33 +0000] "GET /api/v1/categories/5ffea2bb379fcf23a8d6583b HTTP/1.1" 400 115 "-" "PostmanRuntime/7.26.8"
::1 - - [14/Jan/2021:05:48:47 +0000] "GET /api/v1/categories/5ffea2bb379fcf23a8d6583bb HTTP/1.1" 500 130 "-" "PostmanRuntime/7.26.8"
::1 - - [14/Jan/2021:06:15:26 +0000] "GET /api/v1/categories/5ffea2bb379fcf23a8d6583bb HTTP/1.1" 500 130 "-" "PostmanRuntime/7.26.8"
::1 - - [14/Jan/2021:06:19:36 +0000] "GET /api/v1/categories/5ffea2bb379fcf23a8d6583bb HTTP/1.1" 400 80 "-" "PostmanRuntime/7.26.8"
::1 - - [14/Jan/2021:06:19:52 +0000] "GET /api/v1/categories/5ffea2bb379fcf23a8d6583b HTTP/1.1" 400 115 "-" "PostmanRuntime/7.26.8"
::1 - - [14/Jan/2021:06:20:53 +0000] "POST /api/v1/categories/ HTTP/1.1" 500 204 "-" "PostmanRuntime/7.26.8"
::1 - - [14/Jan/2021:06:21:19 +0000] "POST /api/v1/categories/ HTTP/1.1" 500 204 "-" "PostmanRuntime/7.26.8"
::1 - - [14/Jan/2021:06:23:18 +0000] "GET /api/v1/categories/5ffea2bb379fcf23a8d6583b HTTP/1.1" 400 44 "-" "PostmanRuntime/7.26.8"
::1 - - [14/Jan/2021:06:23:36 +0000] "GET /api/v1/categories/5ffea2bb379fcf23a8d6583b HTTP/1.1" 400 44 "-" "PostmanRuntime/7.26.8"
::1 - - [14/Jan/2021:06:25:18 +0000] "GET /api/v1/categories/5ffea2bb379fcf23a8d6583e HTTP/1.1" 200 280 "-" "PostmanRuntime/7.26.8"
::1 - - [14/Jan/2021:06:25:22 +0000] "GET /api/v1/categories/5ffea2bb379fcf23a8d6583v HTTP/1.1" 400 167 "-" "PostmanRuntime/7.26.8"
::1 - - [14/Jan/2021:06:27:10 +0000] "GET /api/v1/categories/5ffea2bb379fcf23a8d6583v HTTP/1.1" 400 167 "-" "PostmanRuntime/7.26.8"
::1 - - [14/Jan/2021:06:27:15 +0000] "GET /api/v1/categories/5ffea2bb379fcf23a8d6583va HTTP/1.1" 400 169 "-" "PostmanRuntime/7.26.8"
::1 - - [14/Jan/2021:06:27:25 +0000] "GET /api/v1/categories/aa HTTP/1.1" 400 123 "-" "PostmanRuntime/7.26.8"
::1 - - [14/Jan/2021:06:27:36 +0000] "POST /api/v1/categories/ HTTP/1.1" 500 818 "-" "PostmanRuntime/7.26.8"
::1 - - [14/Jan/2021:06:27:48 +0000] "GET /api/v1/categories/5ffea2bb379fcf23a8d6583va HTTP/1.1" 400 169 "-" "PostmanRuntime/7.26.8"
::1 - - [14/Jan/2021:06:28:02 +0000] "GET /api/v1/categories/5ffea2bb379fcf23a8d6583va HTTP/1.1" 400 169 "-" "PostmanRuntime/7.26.8"
::1 - - [14/Jan/2021:06:31:35 +0000] "GET /api/v1/categories/5ffea2bb379fcf23a8d6583va HTTP/1.1" 400 169 "-" "PostmanRuntime/7.26.8"
::1 - - [14/Jan/2021:06:32:22 +0000] "GET /api/v1/categories/5ffea2bb379fcf23a8d6583va HTTP/1.1" 400 80 "-" "PostmanRuntime/7.26.8"
::1 - - [14/Jan/2021:06:32:29 +0000] "GET /api/v1/categories/5ffea2bb379fcf23a8d6583va HTTP/1.1" 400 169 "-" "PostmanRuntime/7.26.8"
::1 - - [14/Jan/2021:06:34:58 +0000] "GET /api/v1/categories/aa HTTP/1.1" 400 123 "-" "PostmanRuntime/7.26.8"
::1 - - [14/Jan/2021:06:35:02 +0000] "GET /api/v1/categories/ HTTP/1.1" 200 988 "-" "PostmanRuntime/7.26.8"
::1 - - [14/Jan/2021:06:35:12 +0000] "POST /api/v1/categories/ HTTP/1.1" 400 158 "-" "PostmanRuntime/7.26.8"
::1 - - [14/Jan/2021:06:37:28 +0000] "POST /api/v1/categories/ HTTP/1.1" 400 253 "-" "PostmanRuntime/7.26.8"
::1 - - [14/Jan/2021:06:38:23 +0000] "POST /api/v1/categories/ HTTP/1.1" 400 253 "-" "PostmanRuntime/7.26.8"
::1 - - [14/Jan/2021:06:39:40 +0000] "POST /api/v1/categories/ HTTP/1.1" 500 253 "-" "PostmanRuntime/7.26.8"
::1 - - [14/Jan/2021:06:40:03 +0000] "POST /api/v1/categories/ HTTP/1.1" 500 383 "-" "PostmanRuntime/7.26.8"
::1 - - [14/Jan/2021:06:40:15 +0000] "GET /api/v1/categories/5ffea2bb379fcf23a8d6583va HTTP/1.1" 500 152 "-" "PostmanRuntime/7.26.8"
::1 - - [14/Jan/2021:06:41:31 +0000] "GET /api/v1/categories/5ffea2bb379fcf23a8d6583va HTTP/1.1" 500 152 "-" "PostmanRuntime/7.26.8"
::1 - - [14/Jan/2021:06:42:37 +0000] "GET /api/v1/categories/5ffea2bb379fcf23a8d6583va HTTP/1.1" 500 152 "-" "PostmanRuntime/7.26.8"
::1 - - [14/Jan/2021:06:42:59 +0000] "GET /api/v1/categories/5ffea2bb379fcf23a8d6583va HTTP/1.1" 500 152 "-" "PostmanRuntime/7.26.8"
::1 - - [14/Jan/2021:06:43:55 +0000] "GET /api/v1/categories/5ffea2bb379fcf23a8d6583va HTTP/1.1" 500 152 "-" "PostmanRuntime/7.26.8"
::1 - - [14/Jan/2021:06:44:20 +0000] "GET /api/v1/categories/5ffea2bb379fcf23a8d6583va HTTP/1.1" 500 17 "-" "PostmanRuntime/7.26.8"
::1 - - [14/Jan/2021:06:44:21 +0000] "GET /api/v1/categories/5ffea2bb379fcf23a8d6583va HTTP/1.1" 500 17 "-" "PostmanRuntime/7.26.8"
::1 - - [14/Jan/2021:06:45:14 +0000] "GET /api/v1/categories/5ffea2bb379fcf23a8d6583va HTTP/1.1" 500 17 "-" "PostmanRuntime/7.26.8"
::1 - - [14/Jan/2021:06:46:04 +0000] "GET /api/v1/categories/5ffea2bb379fcf23a8d6583e HTTP/1.1" 200 280 "-" "PostmanRuntime/7.26.8"
::1 - - [14/Jan/2021:06:46:04 +0000] "GET /api/v1/categories/5ffea2bb379fcf23a8d6583e HTTP/1.1" 200 280 "-" "PostmanRuntime/7.26.8"
::1 - - [14/Jan/2021:06:46:08 +0000] "GET /api/v1/categories/5ffea2bb379fcf23a8d6583ee HTTP/1.1" 500 17 "-" "PostmanRuntime/7.26.8"
::1 - - [14/Jan/2021:06:46:47 +0000] "GET /api/v1/categories/5ffea2bb379fcf23a8d6583ee HTTP/1.1" 500 17 "-" "PostmanRuntime/7.26.8"
::1 - - [14/Jan/2021:06:47:19 +0000] "GET /api/v1/categories/5ffea2bb379fcf23a8d6583ee HTTP/1.1" 500 17 "-" "PostmanRuntime/7.26.8"
::1 - - [14/Jan/2021:06:47:31 +0000] "GET /api/v1/categories/5ffea2bb379fcf23a8d6583ee HTTP/1.1" 500 17 "-" "PostmanRuntime/7.26.8"
::1 - - [14/Jan/2021:06:48:17 +0000] "GET /api/v1/categories/5ffea2bb379fcf23a8d6583ee HTTP/1.1" 500 17 "-" "PostmanRuntime/7.26.8"
::1 - - [14/Jan/2021:06:48:56 +0000] "GET /api/v1/categories/5ffea2bb379fcf23a8d6583ee HTTP/1.1" 500 17 "-" "PostmanRuntime/7.26.8"
::1 - - [14/Jan/2021:06:50:19 +0000] "GET /api/v1/categories/5ffea2bb379fcf23a8d6583ee HTTP/1.1" 400 169 "-" "PostmanRuntime/7.26.8"
::1 - - [14/Jan/2021:06:50:28 +0000] "POST /api/v1/categories/ HTTP/1.1" 500 510 "-" "PostmanRuntime/7.26.8"
::1 - - [14/Jan/2021:06:52:03 +0000] "POST /api/v1/categories/ HTTP/1.1" 200 171 "-" "PostmanRuntime/7.26.8"
::1 - - [14/Jan/2021:06:52:14 +0000] "GET /api/v1/categories/ HTTP/1.1" 200 1136 "-" "PostmanRuntime/7.26.8"
::1 - - [14/Jan/2021:06:52:26 +0000] "POST /api/v1/categories/ HTTP/1.1" 500 141 "-" "PostmanRuntime/7.26.8"
::1 - - [14/Jan/2021:06:52:49 +0000] "POST /api/v1/categories/ HTTP/1.1" 500 141 "-" "PostmanRuntime/7.26.8"
::1 - - [14/Jan/2021:06:53:11 +0000] "POST /api/v1/categories/ HTTP/1.1" 500 141 "-" "PostmanRuntime/7.26.8"
::1 - - [14/Jan/2021:06:53:20 +0000] "POST /api/v1/categories/ HTTP/1.1" 500 510 "-" "PostmanRuntime/7.26.8"
::1 - - [14/Jan/2021:07:04:12 +0000] "GET /api/v1/categories/5ffea2bb379fcf23a8d6583ee HTTP/1.1" 400 80 "-" "PostmanRuntime/7.26.8"
::1 - - [14/Jan/2021:07:04:44 +0000] "GET /api/v1/categories/5ffea2bb379fcf23a8d6583ee HTTP/1.1" 400 169 "-" "PostmanRuntime/7.26.8"
::1 - - [14/Jan/2021:07:05:02 +0000] "GET /api/v1/categories/5ffea2bb379fcf23a8d6583ee HTTP/1.1" 400 169 "-" "PostmanRuntime/7.26.8"
::1 - - [14/Jan/2021:07:05:37 +0000] "GET /api/v1/categories/5ffea2bb379fcf23a8d6583ee HTTP/1.1" 400 80 "-" "PostmanRuntime/7.26.8"
::1 - - [14/Jan/2021:07:05:44 +0000] "GET /api/v1/categories/5ffea2bb379fcf23a8d65832 HTTP/1.1" 400 115 "-" "PostmanRuntime/7.26.8"
::1 - - [14/Jan/2021:07:05:48 +0000] "GET /api/v1/categories/5ffea2bb379fcf23a8d6583e HTTP/1.1" 200 280 "-" "PostmanRuntime/7.26.8"
::1 - - [14/Jan/2021:07:05:53 +0000] "POST /api/v1/categories/ HTTP/1.1" 500 142 "-" "PostmanRuntime/7.26.8"
::1 - - [14/Jan/2021:07:06:11 +0000] "POST /api/v1/categories/ HTTP/1.1" 400 110 "-" "PostmanRuntime/7.26.8"
::1 - - [14/Jan/2021:07:06:41 +0000] "POST /api/v1/categories/ HTTP/1.1" 500 204 "-" "PostmanRuntime/7.26.8"
::1 - - [14/Jan/2021:07:10:10 +0000] "GET /api/v1/categories/ HTTP/1.1" 200 1136 "-" "PostmanRuntime/7.26.8"
::1 - - [14/Jan/2021:07:10:42 +0000] "DELETE /api/v1/categories/5ffe96d7d21f7d0898ec31e4 HTTP/1.1" 200 226 "-" "PostmanRuntime/7.26.8"
::1 - - [14/Jan/2021:07:10:47 +0000] "DELETE /api/v1/categories/5ffe96d7d21f7d0898ec31e4 HTTP/1.1" 400 115 "-" "PostmanRuntime/7.26.8"
::1 - - [14/Jan/2021:07:10:51 +0000] "GET /api/v1/categories/ HTTP/1.1" 200 933 "-" "PostmanRuntime/7.26.8"
::1 - - [14/Jan/2021:07:50:04 +0000] "GET /api/v1/categories/ HTTP/1.1" 200 26 "-" "PostmanRuntime/7.26.8"
::1 - - [14/Jan/2021:07:51:01 +0000] "GET /api/v1/categories/ HTTP/1.1" 200 933 "-" "PostmanRuntime/7.26.8"
::1 - - [14/Jan/2021:08:29:33 +0000] "GET /api/v1/categories/ HTTP/1.1" 200 1013 "-" "PostmanRuntime/7.26.8"
::ffff:127.0.0.1 - - [14/Jan/2021:09:41:58 +0000] "GET /api/v1/categories/ HTTP/1.1" 200 1169 "-" "PostmanRuntime/7.26.8"
::1 - - [14/Jan/2021:09:44:49 +0000] "POST /api/v1/categories/ HTTP/1.1" 500 142 "-" "PostmanRuntime/7.26.8"
::1 - - [14/Jan/2021:09:45:07 +0000] "POST /api/v1/categories/ HTTP/1.1" 200 333 "-" "PostmanRuntime/7.26.8"
::1 - - [14/Jan/2021:09:45:14 +0000] "GET /api/v1/categories/ HTTP/1.1" 200 1479 "-" "PostmanRuntime/7.26.8"
::1 - - [14/Jan/2021:09:50:27 +0000] "GET /api/v1/categories/?name=%D0%A3%D1%80%D0%B0%D0%BD%20%D0%B7%D0%BE%D1%85%D0%B8%D0%BE%D0%BB&averageRating=9 HTTP/1.1" 200 1479 "-" "PostmanRuntime/7.26.8"
::1 - - [14/Jan/2021:09:51:41 +0000] "GET /api/v1/categories/?name=%D0%A3%D1%80%D0%B0%D0%BD%20%D0%B7%D0%BE%D1%85%D0%B8%D0%BE%D0%BB HTTP/1.1" 200 329 "-" "PostmanRuntime/7.26.8"
::1 - - [14/Jan/2021:09:55:40 +0000] "GET /api/v1/categories/?name=%D0%A3%D1%80%D0%B0%D0%BD%20 HTTP/1.1" 200 26 "-" "PostmanRuntime/7.26.8"
::1 - - [14/Jan/2021:09:57:24 +0000] "GET /api/v1/categories/?averagePrice[$gte]=40000 HTTP/1.1" 200 656 "-" "PostmanRuntime/7.26.8"
::1 - - [14/Jan/2021:09:58:18 +0000] "GET /api/v1/categories/?averagePrice[$lte]=40000 HTTP/1.1" 200 848 "-" "PostmanRuntime/7.26.8"
::1 - - [14/Jan/2021:09:59:10 +0000] "GET /api/v1/categories/?averagePrice[$lte]=40000&averageRating[$lte]=7 HTTP/1.1" 200 337 "-" "PostmanRuntime/7.26.8"
::1 - - [14/Jan/2021:09:59:22 +0000] "GET /api/v1/categories/?averagePrice[$lte]=40000&averageRating[$gte]=7 HTTP/1.1" 200 536 "-" "PostmanRuntime/7.26.8"
::1 - - [14/Jan/2021:10:12:02 +0000] "GET /api/v1/categories/?averagePrice[$lte]=40000&averageRating[$gte]=7 HTTP/1.1" 200 536 "-" "PostmanRuntime/7.26.8"
::1 - - [14/Jan/2021:10:12:10 +0000] "GET /api/v1/categories/ HTTP/1.1" 200 1479 "-" "PostmanRuntime/7.26.8"
::1 - - [14/Jan/2021:10:13:59 +0000] "GET /api/v1/categories/?select=name%20slug%20averageRating&averageRating[$gt]=5$sort=averageRating HTTP/1.1" 400 80 "-" "PostmanRuntime/7.26.8"
::1 - - [14/Jan/2021:10:14:20 +0000] "GET /api/v1/categories?select=name%20slug%20averageRating&averageRating[$gt]=5$sort=averageRating HTTP/1.1" 400 80 "-" "PostmanRuntime/7.26.8"
::1 - - [14/Jan/2021:10:14:48 +0000] "GET /api/v1/categories?select=name%20slug%20averageRating&averageRating[$gt]=5$sort=averageRating HTTP/1.1" 400 80 "-" "PostmanRuntime/7.26.8"
::1 - - [14/Jan/2021:10:15:10 +0000] "GET /api/v1/categories?select=name%20slug%20averageRating&averageRating[$gt]=5&sort=averageRating HTTP/1.1" 200 458 "-" "PostmanRuntime/7.26.8"
::1 - - [14/Jan/2021:10:15:30 +0000] "GET /api/v1/categories?select=name%20slug%20averageRating&averageRating[$gt]=5&sort=-averageRating HTTP/1.1" 200 458 "-" "PostmanRuntime/7.26.8"
::1 - - [14/Jan/2021:10:15:46 +0000] "GET /api/v1/categories?averageRating[$gt]=5&sort=-averageRating HTTP/1.1" 200 1167 "-" "PostmanRuntime/7.26.8"
::1 - - [14/Jan/2021:10:15:57 +0000] "GET /api/v1/categories?averageRating[$gt]=8&sort=-averageRating HTTP/1.1" 200 863 "-" "PostmanRuntime/7.26.8"
::1 - - [14/Jan/2021:10:17:43 +0000] "GET /api/v1/categories?averageRating[$gt]=8&sort=-averageRating%20-averagePrice HTTP/1.1" 200 863 "-" "PostmanRuntime/7.26.8"
::1 - - [14/Jan/2021:11:16:21 +0000] "GET /api/v1/categories?select=name&limit=2 HTTP/1.1" 200 162 "-" "PostmanRuntime/7.26.8"
::1 - - [14/Jan/2021:11:16:26 +0000] "GET /api/v1/categories?select=name&limit=1 HTTP/1.1" 200 82 "-" "PostmanRuntime/7.26.8"
::1 - - [14/Jan/2021:11:28:34 +0000] "GET /api/v1/categories?select=name&page=2&limit=1 HTTP/1.1" 200 175 "-" "PostmanRuntime/7.26.8"
::1 - - [14/Jan/2021:11:28:42 +0000] "GET /api/v1/categories?select=name&page=2&limit=2 HTTP/1.1" 200 216 "-" "PostmanRuntime/7.26.8"
::1 - - [14/Jan/2021:11:29:27 +0000] "GET /api/v1/categories?select=name&page=1&limit=2 HTTP/1.1" 200 232 "-" "PostmanRuntime/7.26.8"
::1 - - [14/Jan/2021:11:30:02 +0000] "GET /api/v1/categories?select=name&page=1&limit=2 HTTP/1.1" 200 232 "-" "PostmanRuntime/7.26.8"
::1 - - [14/Jan/2021:11:30:09 +0000] "GET /api/v1/categories?select=name&page=1&limit=2 HTTP/1.1" 200 232 "-" "PostmanRuntime/7.26.8"
::1 - - [14/Jan/2021:11:30:15 +0000] "GET /api/v1/categories?select=name&page=2&limit=2 HTTP/1.1" 200 229 "-" "PostmanRuntime/7.26.8"
::1 - - [14/Jan/2021:11:34:51 +0000] "GET /api/v1/categories?select=name&page=2&limit=2 HTTP/1.1" 200 229 "-" "PostmanRuntime/7.26.8"
::1 - - [14/Jan/2021:11:34:58 +0000] "GET /api/v1/categories?select=name&page=1&limit=2 HTTP/1.1" 200 232 "-" "PostmanRuntime/7.26.8"
::1 - - [14/Jan/2021:11:35:06 +0000] "GET /api/v1/categories?select=name&page=3&limit=2 HTTP/1.1" 200 165 "-" "PostmanRuntime/7.26.8"
::1 - - [14/Jan/2021:11:35:18 +0000] "GET /api/v1/categories?select=name&page=1&limit=3 HTTP/1.1" 200 298 "-" "PostmanRuntime/7.26.8"
::1 - - [14/Jan/2021:11:35:25 +0000] "GET /api/v1/categories?select=name&page=2&limit=3 HTTP/1.1" 200 220 "-" "PostmanRuntime/7.26.8"
::1 - - [14/Jan/2021:11:35:37 +0000] "GET /api/v1/categories?select=name HTTP/1.1" 200 410 "-" "PostmanRuntime/7.26.8"
::1 - - [17/Jan/2021:05:58:28 +0000] "GET /api/v1/categories?select=name HTTP/1.1" 200 421 "-" "PostmanRuntime/7.26.8"
::1 - - [17/Jan/2021:05:58:46 +0000] "GET /api/v1/categories/5ffea2bb379fcf23a8d6583ew HTTP/1.1" 400 80 "-" "PostmanRuntime/7.26.8"
::1 - - [17/Jan/2021:05:58:51 +0000] "GET /api/v1/categories/5ffea2bb379fcf23a8d6583e HTTP/1.1" 200 335 "-" "PostmanRuntime/7.26.8"
::1 - - [17/Jan/2021:06:22:48 +0000] "GET /api/v1/books HTTP/1.1" 200 29127 "-" "PostmanRuntime/7.26.8"
::1 - - [17/Jan/2021:06:25:13 +0000] "GET /api/v1/books HTTP/1.1" 200 29138 "-" "PostmanRuntime/7.26.8"
::1 - - [17/Jan/2021:06:36:43 +0000] "GET /api/v1/categories/5ffea2bb379fcf23a8d6583e/books HTTP/1.1" 200 6934 "-" "PostmanRuntime/7.26.8"
::1 - - [17/Jan/2021:06:40:29 +0000] "GET /api/v1/categories/5ffea2bb379fcf23a8d6583e/books HTTP/1.1" 200 29138 "-" "PostmanRuntime/7.26.8"
::1 - - [17/Jan/2021:06:42:55 +0000] "GET /api/v1/categories/5ffea2bb379fcf23a8d6583e/books HTTP/1.1" 200 6934 "-" "PostmanRuntime/7.26.8"
::1 - - [17/Jan/2021:06:45:32 +0000] "GET /api/v1/categories/5ffea2bb379fcf23a8d6583e/books HTTP/1.1" 200 6934 "-" "PostmanRuntime/7.26.8"
::1 - - [17/Jan/2021:06:50:06 +0000] "GET /api/v1/books HTTP/1.1" 200 34074 "-" "PostmanRuntime/7.26.8"
::1 - - [17/Jan/2021:07:07:51 +0000] "GET /api/v1/categories/5ffea2bb379fcf23a8d6583e HTTP/1.1" 200 7404 "-" "PostmanRuntime/7.26.8"
::1 - - [17/Jan/2021:07:08:35 +0000] "GET /api/v1/categories/5fffea12bf6b6325182d8e6a HTTP/1.1" 200 3920 "-" "PostmanRuntime/7.26.8"
::1 - - [17/Jan/2021:07:13:26 +0000] "GET /api/v1/categories/5fffea12bf6b6325182d8e6a HTTP/1.1" 200 257 "-" "PostmanRuntime/7.26.8"
::1 - - [17/Jan/2021:07:22:02 +0000] "DELETE /api/v1/categories/5ffea2bb379fcf23a8d6583e HTTP/1.1" 200 367 "-" "PostmanRuntime/7.26.8"
::1 - - [17/Jan/2021:07:22:18 +0000] "GET /api/v1/books HTTP/1.1" 200 24031 "-" "PostmanRuntime/7.26.8"
::1 - - [17/Jan/2021:07:26:40 +0000] "GET /api/v1/books HTTP/1.1" 200 31390 "-" "PostmanRuntime/7.26.8"
::1 - - [17/Jan/2021:07:40:00 +0000] "GET /api/v1/books/6003e6a1521eaa2678816c30 HTTP/1.1" 200 1763 "-" "PostmanRuntime/7.26.8"
::1 - - [17/Jan/2021:07:40:14 +0000] "GET /api/v1/books HTTP/1.1" 200 31390 "-" "PostmanRuntime/7.26.8"
::1 - - [17/Jan/2021:07:40:34 +0000] "GET /api/v1/books/5fffea12bf6b6325182d8e6a HTTP/1.1" 404 105 "-" "PostmanRuntime/7.26.8"
::1 - - [17/Jan/2021:07:40:53 +0000] "GET /api/v1/books/5fffea12bf6b6325182d8e6a HTTP/1.1" 404 105 "-" "PostmanRuntime/7.26.8"
::1 - - [17/Jan/2021:07:41:10 +0000] "GET /api/v1/books/6003e6a1521eaa2678816c33 HTTP/1.1" 200 1936 "-" "PostmanRuntime/7.26.8"
::1 - - [17/Jan/2021:07:54:17 +0000] "POST /api/v1/books HTTP/1.1" 200 26 "-" "PostmanRuntime/7.26.8"
::1 - - [17/Jan/2021:07:55:16 +0000] "GET /api/v1/books HTTP/1.1" 200 32354 "-" "PostmanRuntime/7.26.8"
::1 - - [17/Jan/2021:07:55:47 +0000] "GET /api/v1/books/6003ed299ba0bc269cd61ef6 HTTP/1.1" 200 881 "-" "PostmanRuntime/7.26.8"
::1 - - [17/Jan/2021:07:56:09 +0000] "POST /api/v1/books HTTP/1.1" 200 888 "-" "PostmanRuntime/7.26.8"
::1 - - [17/Jan/2021:07:56:16 +0000] "POST /api/v1/books HTTP/1.1" 400 110 "-" "PostmanRuntime/7.26.8"
::1 - - [17/Jan/2021:07:56:58 +0000] "GET /api/v1/categories/5ffea2f5379fcf23a8d6583f HTTP/1.1" 200 381 "-" "PostmanRuntime/7.26.8"
::1 - - [17/Jan/2021:07:58:25 +0000] "POST /api/v1/books HTTP/1.1" 400 80 "-" "PostmanRuntime/7.26.8"
::1 - - [17/Jan/2021:08:00:04 +0000] "GET /api/v1/categories/5ffea2f5379fcf23a8d6583f HTTP/1.1" 200 9413 "-" "PostmanRuntime/7.26.8"
::1 - - [17/Jan/2021:08:09:41 +0000] "DELETE /api/v1/books/6003ed299ba0bc269cd61ef6 HTTP/1.1" 404 105 "-" "PostmanRuntime/7.26.8"
::1 - - [17/Jan/2021:08:09:51 +0000] "GET /api/v1/books/6003ed299ba0bc269cd61ef6 HTTP/1.1" 404 105 "-" "PostmanRuntime/7.26.8"
::1 - - [17/Jan/2021:08:09:55 +0000] "GET /api/v1/books HTTP/1.1" 200 31386 "-" "PostmanRuntime/7.26.8"
::1 - - [17/Jan/2021:08:10:15 +0000] "GET /api/v1/books/6003eec98f66cc2ac09e1331 HTTP/1.1" 200 1853 "-" "PostmanRuntime/7.26.8"
::1 - - [17/Jan/2021:08:10:25 +0000] "DELETE /api/v1/books/6003eec98f66cc2ac09e1331 HTTP/1.1" 200 1853 "-" "PostmanRuntime/7.26.8"
::1 - - [17/Jan/2021:08:10:39 +0000] "GET /api/v1/books HTTP/1.1" 200 29460 "-" "PostmanRuntime/7.26.8"
::1 - - [17/Jan/2021:08:10:46 +0000] "DELETE /api/v1/books/6003eec98f66cc2ac09e1331d HTTP/1.1" 400 80 "-" "PostmanRuntime/7.26.8"
::1 - - [17/Jan/2021:08:10:54 +0000] "DELETE /api/v1/books/6003eec98f66cc2ac09e133s HTTP/1.1" 400 80 "-" "PostmanRuntime/7.26.8"
::1 - - [17/Jan/2021:08:10:59 +0000] "DELETE /api/v1/books/6003eec98f66cc2ac09e1331 HTTP/1.1" 404 105 "-" "PostmanRuntime/7.26.8"
::1 - - [17/Jan/2021:08:11:18 +0000] "GET /api/v1/books/6003eec98f66cc2ac09e1331 HTTP/1.1" 404 105 "-" "PostmanRuntime/7.26.8"
::1 - - [17/Jan/2021:08:18:42 +0000] "GET /api/v1/books/6003eec98f66cc2ac09e1331 HTTP/1.1" 404 105 "-" "PostmanRuntime/7.26.8"
::1 - - [17/Jan/2021:08:18:58 +0000] "GET /api/v1/books/6003eec98f66cc2ac09e1330 HTTP/1.1" 200 1850 "-" "PostmanRuntime/7.26.8"
::1 - - [17/Jan/2021:08:19:06 +0000] "PUT /api/v1/books/6003eec98f66cc2ac09e1331 HTTP/1.1" 400 105 "-" "PostmanRuntime/7.26.8"
::1 - - [17/Jan/2021:08:19:16 +0000] "PUT /api/v1/books/6003eec98f66cc2ac09e1330 HTTP/1.1" 500 51 "-" "PostmanRuntime/7.26.8"
::1 - - [17/Jan/2021:08:19:45 +0000] "PUT /api/v1/books/6003eec98f66cc2ac09e1330 HTTP/1.1" 500 51 "-" "PostmanRuntime/7.26.8"
::1 - - [17/Jan/2021:08:20:10 +0000] "PUT /api/v1/books/6003eec98f66cc2ac09e1330 HTTP/1.1" 200 1798 "-" "PostmanRuntime/7.26.8"
::1 - - [17/Jan/2021:08:20:17 +0000] "GET /api/v1/books/6003eec98f66cc2ac09e1330 HTTP/1.1" 200 1798 "-" "PostmanRuntime/7.26.8"
::1 - - [17/Jan/2021:08:20:30 +0000] "PUT /api/v1/books/6003eec98f66cc2ac09e1330 HTTP/1.1" 200 1806 "-" "PostmanRuntime/7.26.8"
::1 - - [17/Jan/2021:08:20:37 +0000] "GET /api/v1/books/6003eec98f66cc2ac09e1330 HTTP/1.1" 200 1806 "-" "PostmanRuntime/7.26.8"
::1 - - [19/Jan/2021:10:45:40 +0000] "GET /api/v1/categories?select=name HTTP/1.1" 200 581 "-" "PostmanRuntime/7.26.8"
::1 - - [19/Jan/2021:10:46:00 +0000] "GET /api/v1/books HTTP/1.1" 200 36 "-" "PostmanRuntime/7.26.8"
::1 - - [19/Jan/2021:10:46:40 +0000] "POST /api/v1/books HTTP/1.1" 400 80 "-" "PostmanRuntime/7.26.8"
::1 - - [19/Jan/2021:10:47:40 +0000] "POST /api/v1/books HTTP/1.1" 200 1763 "-" "PostmanRuntime/7.26.8"
::1 - - [19/Jan/2021:10:49:32 +0000] "POST /api/v1/books HTTP/1.1" 200 1738 "-" "PostmanRuntime/7.26.8"
::1 - - [19/Jan/2021:10:55:42 +0000] "GET /api/v1/categories HTTP/1.1" 200 1602 "-" "PostmanRuntime/7.26.8"
::1 - - [19/Jan/2021:10:56:01 +0000] "POST /api/v1/books HTTP/1.1" 200 1738 "-" "PostmanRuntime/7.26.8"
::1 - - [19/Jan/2021:10:56:19 +0000] "GET /api/v1/categories HTTP/1.1" 200 1624 "-" "PostmanRuntime/7.26.8"
::1 - - [19/Jan/2021:10:58:49 +0000] "POST /api/v1/books HTTP/1.1" 200 1738 "-" "PostmanRuntime/7.26.8"
::1 - - [19/Jan/2021:10:58:54 +0000] "GET /api/v1/categories HTTP/1.1" 200 1623 "-" "PostmanRuntime/7.26.8"
::1 - - [19/Jan/2021:10:59:17 +0000] "GET /api/v1/books HTTP/1.1" 200 3627 "-" "PostmanRuntime/7.26.8"
::1 - - [19/Jan/2021:10:59:52 +0000] "DELETE /api/v1/books/6006bb697891c92b18612284 HTTP/1.1" 200 1738 "-" "PostmanRuntime/7.26.8"
::1 - - [19/Jan/2021:11:00:03 +0000] "GET /api/v1/books HTTP/1.1" 200 1831 "-" "PostmanRuntime/7.26.8"
::1 - - [19/Jan/2021:11:00:17 +0000] "GET /api/v1/books HTTP/1.1" 200 1831 "-" "PostmanRuntime/7.26.8"
::1 - - [19/Jan/2021:11:00:27 +0000] "GET /api/v1/categories HTTP/1.1" 200 1623 "-" "PostmanRuntime/7.26.8"
::1 - - [19/Jan/2021:11:01:04 +0000] "GET /api/v1/categories HTTP/1.1" 200 1623 "-" "PostmanRuntime/7.26.8"
::1 - - [19/Jan/2021:11:01:59 +0000] "GET /api/v1/categories HTTP/1.1" 200 1623 "-" "PostmanRuntime/7.26.8"
::1 - - [19/Jan/2021:11:02:20 +0000] "DELETE /api/v1/books/6006bb697891c92b18612284 HTTP/1.1" 404 105 "-" "PostmanRuntime/7.26.8"
::1 - - [19/Jan/2021:11:02:26 +0000] "DELETE /api/v1/books/6006bac17891c92b18612283 HTTP/1.1" 200 1738 "-" "PostmanRuntime/7.26.8"
::1 - - [19/Jan/2021:11:03:47 +0000] "GET /api/v1/books HTTP/1.1" 200 36 "-" "PostmanRuntime/7.26.8"
::1 - - [19/Jan/2021:11:03:53 +0000] "GET /api/v1/categories HTTP/1.1" 200 1623 "-" "PostmanRuntime/7.26.8"
::1 - - [19/Jan/2021:11:04:39 +0000] "POST /api/v1/books HTTP/1.1" 200 1738 "-" "PostmanRuntime/7.26.8"
::1 - - [19/Jan/2021:11:04:48 +0000] "GET /api/v1/categories HTTP/1.1" 200 1623 "-" "PostmanRuntime/7.26.8"
::1 - - [19/Jan/2021:11:05:06 +0000] "POST /api/v1/books HTTP/1.1" 200 1739 "-" "PostmanRuntime/7.26.8"
::1 - - [19/Jan/2021:11:05:27 +0000] "GET /api/v1/categories HTTP/1.1" 200 1623 "-" "PostmanRuntime/7.26.8"
::1 - - [19/Jan/2021:11:05:37 +0000] "GET /api/v1/books HTTP/1.1" 200 3628 "-" "PostmanRuntime/7.26.8"
::1 - - [19/Jan/2021:11:05:58 +0000] "DELETE /api/v1/books/6006bce14fee7928a07176a4 HTTP/1.1" 200 1739 "-" "PostmanRuntime/7.26.8"
::1 - - [19/Jan/2021:11:06:07 +0000] "GET /api/v1/books HTTP/1.1" 200 1831 "-" "PostmanRuntime/7.26.8"
::1 - - [19/Jan/2021:11:06:16 +0000] "GET /api/v1/categories HTTP/1.1" 200 1623 "-" "PostmanRuntime/7.26.8"
::1 - - [19/Jan/2021:11:11:36 +0000] "GET /api/v1/categories/5fffea12bf6b6325182d8e6a HTTP/1.1" 500 82 "-" "PostmanRuntime/7.26.8"
::1 - - [19/Jan/2021:11:17:57 +0000] "GET /api/v1/books/6006bcc74fee7928a07176a3 HTTP/1.1" 500 84 "-" "PostmanRuntime/7.26.8"
::1 - - [19/Jan/2021:11:18:20 +0000] "GET /api/v1/books/6006bcc74fee7928a07176a3s HTTP/1.1" 500 263 "-" "PostmanRuntime/7.26.8"
::1 - - [19/Jan/2021:11:19:02 +0000] "GET /api/v1/books/6006bcc74fee7928a07176a3s HTTP/1.1" 400 80 "-" "PostmanRuntime/7.26.8"
::1 - - [19/Jan/2021:11:19:07 +0000] "GET /api/v1/books/6006bcc74fee7928a07176a3 HTTP/1.1" 500 72 "-" "PostmanRuntime/7.26.8"
::1 - - [19/Jan/2021:11:21:37 +0000] "GET /api/v1/books/6006bcc74fee7928a07176a3 HTTP/1.1" 500 72 "-" "PostmanRuntime/7.26.8"
::1 - - [19/Jan/2021:11:21:39 +0000] "GET /api/v1/books/6006bcc74fee7928a07176a3 HTTP/1.1" 500 72 "-" "PostmanRuntime/7.26.8"
::1 - - [19/Jan/2021:11:21:48 +0000] "GET /api/v1/books/6006bcc74fee7928a07176a3 HTTP/1.1" 500 72 "-" "PostmanRuntime/7.26.8"
::1 - - [19/Jan/2021:11:22:23 +0000] "GET /api/v1/books/6006bcc74fee7928a07176a3 HTTP/1.1" 200 1750 "-" "PostmanRuntime/7.26.8"
::1 - - [19/Jan/2021:11:23:39 +0000] "GET /api/v1/books/6006bcc74fee7928a07176a3 HTTP/1.1" 200 1801 "-" "PostmanRuntime/7.26.8"
::1 - - [19/Jan/2021:11:27:55 +0000] "GET /api/v1/categories HTTP/1.1" 200 1709 "-" "PostmanRuntime/7.26.8"
::1 - - [19/Jan/2021:11:28:26 +0000] "GET /api/v1/categories/5ffea2f5379fcf23a8d6583f HTTP/1.1" 200 7691 "-" "PostmanRuntime/7.26.8"
::1 - - [19/Jan/2021:11:28:42 +0000] "GET /api/v1/books HTTP/1.1" 200 31390 "-" "PostmanRuntime/7.26.8"
::1 - - [19/Jan/2021:11:42:08 +0000] "GET /api/v1/books/6006bcc74fee7928a07176a3 HTTP/1.1" 404 105 "-" "PostmanRuntime/7.26.8"
::1 - - [19/Jan/2021:11:42:18 +0000] "GET /api/v1/books HTTP/1.1" 200 31390 "-" "PostmanRuntime/7.26.8"
::1 - - [19/Jan/2021:11:42:33 +0000] "GET /api/v1/books/6006c22f02456b1aa494487d HTTP/1.1" 200 1850 "-" "PostmanRuntime/7.26.8"
::1 - - [19/Jan/2021:11:44:48 +0000] "PUT /api/v1/books/6006c22f02456b1aa494487d/photo HTTP/1.1" 200 - "-" "PostmanRuntime/7.26.8"
::1 - - [19/Jan/2021:11:50:38 +0000] "PUT /api/v1/books/6006c22f02456b1aa494487d/photo HTTP/1.1" 400 67 "-" "PostmanRuntime/7.26.8"
::1 - - [19/Jan/2021:11:54:37 +0000] "PUT /api/v1/books/6006c22f02456b1aa494487d/photo HTTP/1.1" 400 92 "-" "PostmanRuntime/7.26.8"
::1 - - [19/Jan/2021:12:05:01 +0000] "PUT /api/v1/books/6006c22f02456b1aa494487d/photo HTTP/1.1" 200 - "-" "PostmanRuntime/7.26.8"
::1 - - [19/Jan/2021:12:10:38 +0000] "PUT /api/v1/books/6006c22f02456b1aa494487d/photo HTTP/1.1" 200 60 "-" "PostmanRuntime/7.26.8"
::1 - - [19/Jan/2021:12:13:32 +0000] "PUT /api/v1/books/6006c22f02456b1aa494487d/photo HTTP/1.1" 200 60 "-" "PostmanRuntime/7.26.8"
::1 - - [19/Jan/2021:12:13:48 +0000] "GET /api/v1/books/6006c22f02456b1aa494487d HTTP/1.1" 200 1871 "-" "PostmanRuntime/7.26.8"
::1 - - [19/Jan/2021:12:51:14 +0000] "PUT /api/v1/categories/5ffea2f5379fcf23a8d6583f/photo HTTP/1.1" 200 60 "-" "PostmanRuntime/7.26.8"
::1 - - [19/Jan/2021:12:51:51 +0000] "GET /api/v1/categories/5ffea2f5379fcf23a8d6583f HTTP/1.1" 200 7717 "-" "PostmanRuntime/7.26.8"
::1 - - [19/Jan/2021:12:52:33 +0000] "PUT /api/v1/categories/5ffea2f5379fcf23a8d6583f/photo HTTP/1.1" 400 67 "-" "PostmanRuntime/7.26.8"
