::1 - - [20/Jan/2021:08:04:49 +0000] "GET /api/v1/categories/5ffea2bb379fcf23a8d6583e/books HTTP/1.1" 200 7062 "-" "PostmanRuntime/7.26.8"
::1 - - [20/Jan/2021:08:05:07 +0000] "GET /api/v1/books HTTP/1.1" 200 31411 "-" "PostmanRuntime/7.26.8"
::1 - - [20/Jan/2021:08:22:15 +0000] "GET /api/v1/categories?select=name&page=2&limit=2 HTTP/1.1" 200 242 "-" "PostmanRuntime/7.26.8"
::1 - - [20/Jan/2021:08:22:29 +0000] "GET /api/v1/categories?select=name&page=2&limit=1 HTTP/1.1" 200 130 "-" "PostmanRuntime/7.26.8"
::1 - - [20/Jan/2021:08:22:39 +0000] "GET /api/v1/categories?select=name&page=2&limit=3 HTTP/1.1" 200 340 "-" "PostmanRuntime/7.26.8"
::1 - - [20/Jan/2021:08:22:46 +0000] "GET /api/v1/categories?select=name&page=2&limit=3 HTTP/1.1" 200 340 "-" "PostmanRuntime/7.26.8"
::1 - - [20/Jan/2021:08:25:43 +0000] "GET /api/v1/categories/ HTTP/1.1" 200 1735 "-" "PostmanRuntime/7.26.8"
::1 - - [20/Jan/2021:08:26:06 +0000] "GET /api/v1/categories?select=name&page=2&limit=3 HTTP/1.1" 200 294 "-" "PostmanRuntime/7.26.8"
::1 - - [20/Jan/2021:08:26:13 +0000] "GET /api/v1/categories?select=name&page=2&limit=4 HTTP/1.1" 200 207 "-" "PostmanRuntime/7.26.8"
::1 - - [20/Jan/2021:08:26:20 +0000] "GET /api/v1/categories?select=name&page=1&limit=4 HTTP/1.1" 200 491 "-" "PostmanRuntime/7.26.8"
::1 - - [20/Jan/2021:08:26:25 +0000] "GET /api/v1/categories?select=name&page=1&limit=2 HTTP/1.1" 200 306 "-" "PostmanRuntime/7.26.8"
::1 - - [20/Jan/2021:08:32:02 +0000] "GET /api/v1/books HTTP/1.1" 200 8884 "-" "PostmanRuntime/7.26.8"
::1 - - [20/Jan/2021:08:33:01 +0000] "GET /api/v1/books?select=name%20price HTTP/1.1" 200 1634 "-" "PostmanRuntime/7.26.8"
::1 - - [20/Jan/2021:08:36:37 +0000] "GET /api/v1/books?select=name%20price&page=2&limit=2 HTTP/1.1" 200 672 "-" "PostmanRuntime/7.26.8"
::1 - - [20/Jan/2021:08:36:45 +0000] "GET /api/v1/books?select=name%20price&page=2&limit=1 HTTP/1.1" 200 490 "-" "PostmanRuntime/7.26.8"
::1 - - [20/Jan/2021:08:36:53 +0000] "GET /api/v1/books?select=name%20price&page=1&limit=3 HTTP/1.1" 200 1053 "-" "PostmanRuntime/7.26.8"
::1 - - [20/Jan/2021:08:37:26 +0000] "GET /api/v1/books?select=name%20price&page=1&limit=3&sort=price HTTP/1.1" 200 1140 "-" "PostmanRuntime/7.26.8"
::1 - - [20/Jan/2021:08:37:35 +0000] "GET /api/v1/books?select=name%20price&page=1&limit=3&sort=-price HTTP/1.1" 200 982 "-" "PostmanRuntime/7.26.8"
::1 - - [20/Jan/2021:08:42:36 +0000] "GET /api/v1/books?select=name%20price&page=1&limit=3&sort=-price HTTP/1.1" 200 982 "-" "PostmanRuntime/7.26.8"
::1 - - [20/Jan/2021:08:43:00 +0000] "GET /api/v1/books?select=name%20price&page=1&limit=3&sort=-price&price[$lt]=50000 HTTP/1.1" 200 962 "-" "PostmanRuntime/7.26.8"
::1 - - [20/Jan/2021:08:43:54 +0000] "GET /api/v1/books?select=name%20price&sort=-price&price[$lt]=50000&page=1&limit=3 HTTP/1.1" 200 962 "-" "PostmanRuntime/7.26.8"
::1 - - [20/Jan/2021:08:48:05 +0000] "GET /api/v1/categories/5ffea2bb379fcf23a8d6583e/books HTTP/1.1" 200 7143 "-" "PostmanRuntime/7.26.8"
::1 - - [20/Jan/2021:08:48:48 +0000] "GET /api/v1/categories/5ffea2bb379fcf23a8d6583e/books?select=name%20price&sort=-price&price[$lt]=50000&page=1&limit=3 HTTP/1.1" 200 713 "-" "PostmanRuntime/7.26.8"
::1 - - [20/Jan/2021:08:49:38 +0000] "GET /api/v1/categories/5ffea2bb379fcf23a8d6583e/books?select=name%20price&sort=-price&price[$gt]=50000 HTTP/1.1" 200 117 "-" "PostmanRuntime/7.26.8"
::1 - - [20/Jan/2021:08:50:05 +0000] "GET /api/v1/categories/5ffea2bb379fcf23a8d6583e/books?select=name%20price HTTP/1.1" 200 923 "-" "PostmanRuntime/7.26.8"
::1 - - [20/Jan/2021:08:50:28 +0000] "GET /api/v1/categories/5ffea2bb379fcf23a8d6583e/books?select=name%20price&sort=price HTTP/1.1" 200 923 "-" "PostmanRuntime/7.26.8"
::1 - - [20/Jan/2021:08:51:02 +0000] "GET /api/v1/categories/5ffea2bb379fcf23a8d6583e/books?select=name%20price&sort=price&price[$gt]=10000 HTTP/1.1" 200 288 "-" "PostmanRuntime/7.26.8"
::1 - - [20/Jan/2021:08:51:12 +0000] "GET /api/v1/categories/5ffea2bb379fcf23a8d6583e/books?select=name%20price&sort=price&price[$gte]=10000 HTTP/1.1" 200 713 "-" "PostmanRuntime/7.26.8"
::1 - - [22/Jan/2021:11:26:23 +0000] "POST /api/v1/users/register HTTP/1.1" 200 16 "-" "PostmanRuntime/7.26.8"
::1 - - [22/Jan/2021:11:28:27 +0000] "POST /api/v1/users HTTP/1.1" 200 16 "-" "PostmanRuntime/7.26.8"
::1 - - [22/Jan/2021:11:36:41 +0000] "POST /api/v1/users HTTP/1.1" 200 16 "-" "PostmanRuntime/7.26.8"
::1 - - [22/Jan/2021:11:36:46 +0000] "POST /api/v1/users HTTP/1.1" 200 16 "-" "PostmanRuntime/7.26.8"
::1 - - [22/Jan/2021:11:37:24 +0000] "POST /api/v1/users HTTP/1.1" 200 16 "-" "PostmanRuntime/7.26.8"
::1 - - [22/Jan/2021:11:40:07 +0000] "POST /api/v1/users HTTP/1.1" 500 101 "-" "PostmanRuntime/7.26.8"
::1 - - [22/Jan/2021:11:40:39 +0000] "POST /api/v1/users HTTP/1.1" 200 16 "-" "PostmanRuntime/7.26.8"
::1 - - [22/Jan/2021:11:40:42 +0000] "POST /api/v1/users HTTP/1.1" 400 110 "-" "PostmanRuntime/7.26.8"
::1 - - [22/Jan/2021:11:46:21 +0000] "POST /api/v1/users HTTP/1.1" 200 16 "-" "PostmanRuntime/7.26.8"
::1 - - [22/Jan/2021:11:47:42 +0000] "POST /api/v1/users HTTP/1.1" 500 108 "-" "PostmanRuntime/7.26.8"
::1 - - [22/Jan/2021:12:31:24 +0000] "POST /api/v1/users HTTP/1.1" 200 16 "-" "PostmanRuntime/7.26.8"
::1 - - [22/Jan/2021:12:31:54 +0000] "POST /api/v1/users HTTP/1.1" 400 110 "-" "PostmanRuntime/7.26.8"
::1 - - [22/Jan/2021:12:32:10 +0000] "POST /api/v1/users HTTP/1.1" 200 418 "-" "PostmanRuntime/7.26.8"
::1 - - [29/Jan/2021:07:12:54 +0000] "POST /api/v1/users HTTP/1.1" 400 110 "-" "PostmanRuntime/7.26.8"
::1 - - [29/Jan/2021:07:17:18 +0000] "POST /api/v1/users/login HTTP/1.1" 500 47 "-" "PostmanRuntime/7.26.8"
::1 - - [29/Jan/2021:07:33:30 +0000] "POST /api/v1/users/login HTTP/1.1" 200 418 "-" "PostmanRuntime/7.26.8"
::1 - - [29/Jan/2021:07:34:26 +0000] "POST /api/v1/users/login HTTP/1.1" 400 91 "-" "PostmanRuntime/7.26.8"
::1 - - [29/Jan/2021:07:34:37 +0000] "POST /api/v1/users/login HTTP/1.1" 401 95 "-" "PostmanRuntime/7.26.8"
::1 - - [29/Jan/2021:07:34:45 +0000] "POST /api/v1/users/login HTTP/1.1" 200 418 "-" "PostmanRuntime/7.26.8"
::1 - - [29/Jan/2021:07:34:58 +0000] "POST /api/v1/users/login HTTP/1.1" 401 95 "-" "PostmanRuntime/7.26.8"
::1 - - [29/Jan/2021:07:35:05 +0000] "POST /api/v1/users/login HTTP/1.1" 200 418 "-" "PostmanRuntime/7.26.8"
::1 - - [29/Jan/2021:07:40:59 +0000] "PUT /api/v1/books/6003eec98f66cc2ac09e1330 HTTP/1.1" 400 105 "-" "PostmanRuntime/7.26.8"
::1 - - [29/Jan/2021:07:41:17 +0000] "GET /api/v1/books HTTP/1.1" 200 9520 "-" "PostmanRuntime/7.26.8"
::1 - - [29/Jan/2021:07:41:56 +0000] "PUT /api/v1/books/6006c22f02456b1aa494487d HTTP/1.1" 200 1827 "-" "PostmanRuntime/7.26.8"
::1 - - [29/Jan/2021:08:08:09 +0000] "PUT /api/v1/books/6006c22f02456b1aa494487d HTTP/1.1" 401 150 "-" "PostmanRuntime/7.26.8"
::1 - - [29/Jan/2021:08:08:36 +0000] "POST /api/v1/users/login HTTP/1.1" 200 418 "-" "PostmanRuntime/7.26.8"
::1 - - [29/Jan/2021:08:09:09 +0000] "PUT /api/v1/books/6006c22f02456b1aa494487d HTTP/1.1" 401 150 "-" "PostmanRuntime/7.26.8"
::1 - - [29/Jan/2021:08:10:34 +0000] "PUT /api/v1/books/6006c22f02456b1aa494487d HTTP/1.1" 200 1819 "-" "PostmanRuntime/7.26.8"
::1 - - [29/Jan/2021:08:10:55 +0000] "PUT /api/v1/books/6006c22f02456b1aa494487d HTTP/1.1" 401 150 "-" "PostmanRuntime/7.26.8"
::1 - - [29/Jan/2021:08:11:23 +0000] "PUT /api/v1/books/6006c22f02456b1aa494487d HTTP/1.1" 500 41 "-" "PostmanRuntime/7.26.8"
::1 - - [29/Jan/2021:08:11:32 +0000] "PUT /api/v1/books/6006c22f02456b1aa494487d HTTP/1.1" 200 1822 "-" "PostmanRuntime/7.26.8"
::1 - - [29/Jan/2021:08:15:03 +0000] "PUT /api/v1/books/6006c22f02456b1aa494487d HTTP/1.1" 400 82 "-" "PostmanRuntime/7.26.8"
::1 - - [29/Jan/2021:08:15:14 +0000] "PUT /api/v1/books/6006c22f02456b1aa494487d HTTP/1.1" 200 1822 "-" "PostmanRuntime/7.26.8"
::1 - - [29/Jan/2021:08:18:26 +0000] "DELETE /api/v1/categories/5ffea2bb379fcf23a8d6583e HTTP/1.1" 401 150 "-" "PostmanRuntime/7.26.8"
::1 - - [29/Jan/2021:08:19:21 +0000] "DELETE /api/v1/categories/5ffea2bb379fcf23a8d6583e HTTP/1.1" 200 367 "-" "PostmanRuntime/7.26.8"
::1 - - [29/Jan/2021:08:23:35 +0000] "POST /api/v1/users/login HTTP/1.1" 200 418 "-" "PostmanRuntime/7.26.8"
::1 - - [29/Jan/2021:08:26:55 +0000] "POST /api/v1/categories/ HTTP/1.1" 200 348 "-" "PostmanRuntime/7.26.8"
::1 - - [29/Jan/2021:08:27:13 +0000] "GET /api/v1/categories/ HTTP/1.1" 200 1716 "-" "PostmanRuntime/7.26.8"
::1 - - [29/Jan/2021:09:29:09 +0000] "POST /api/v1/books HTTP/1.1" 403 137 "-" "PostmanRuntime/7.26.8"
::1 - - [29/Jan/2021:09:30:30 +0000] "POST /api/v1/books HTTP/1.1" 403 137 "-" "PostmanRuntime/7.26.8"
::1 - - [29/Jan/2021:09:30:32 +0000] "POST /api/v1/books HTTP/1.1" 403 137 "-" "PostmanRuntime/7.26.8"
::1 - - [29/Jan/2021:09:30:58 +0000] "POST /api/v1/books HTTP/1.1" 403 137 "-" "PostmanRuntime/7.26.8"
::1 - - [29/Jan/2021:09:30:59 +0000] "POST /api/v1/books HTTP/1.1" 403 137 "-" "PostmanRuntime/7.26.8"
::1 - - [29/Jan/2021:09:32:12 +0000] "POST /api/v1/books HTTP/1.1" 403 137 "-" "PostmanRuntime/7.26.8"
::1 - - [29/Jan/2021:09:32:15 +0000] "POST /api/v1/books HTTP/1.1" 403 137 "-" "PostmanRuntime/7.26.8"
::1 - - [29/Jan/2021:09:32:46 +0000] "POST /api/v1/books HTTP/1.1" 403 137 "-" "PostmanRuntime/7.26.8"
::1 - - [29/Jan/2021:09:32:48 +0000] "POST /api/v1/books HTTP/1.1" 403 137 "-" "PostmanRuntime/7.26.8"
::1 - - [29/Jan/2021:09:32:50 +0000] "POST /api/v1/books HTTP/1.1" 403 137 "-" "PostmanRuntime/7.26.8"
::1 - - [29/Jan/2021:09:32:51 +0000] "POST /api/v1/books HTTP/1.1" 403 137 "-" "PostmanRuntime/7.26.8"
::1 - - [29/Jan/2021:09:32:59 +0000] "POST /api/v1/books HTTP/1.1" 403 137 "-" "PostmanRuntime/7.26.8"
::1 - - [29/Jan/2021:09:34:18 +0000] "POST /api/v1/books HTTP/1.1" 403 137 "-" "PostmanRuntime/7.26.8"
::1 - - [29/Jan/2021:09:34:57 +0000] "POST /api/v1/books HTTP/1.1" 403 137 "-" "PostmanRuntime/7.26.8"
::1 - - [29/Jan/2021:09:35:55 +0000] "POST /api/v1/users/login HTTP/1.1" 200 436 "-" "PostmanRuntime/7.26.8"
::1 - - [29/Jan/2021:09:36:01 +0000] "POST /api/v1/books HTTP/1.1" 403 132 "-" "PostmanRuntime/7.26.8"
::1 - - [29/Jan/2021:09:38:06 +0000] "POST /api/v1/users HTTP/1.1" 200 444 "-" "PostmanRuntime/7.26.8"
::1 - - [29/Jan/2021:09:39:10 +0000] "POST /api/v1/books HTTP/1.1" 200 1740 "-" "PostmanRuntime/7.26.8"
::1 - - [29/Jan/2021:09:40:24 +0000] "POST /api/v1/books HTTP/1.1" 403 136 "-" "PostmanRuntime/7.26.8"
::1 - - [29/Jan/2021:10:03:58 +0000] "POST /api/v1/books HTTP/1.1" 200 1739 "-" "PostmanRuntime/7.26.8"
::1 - - [29/Jan/2021:10:04:15 +0000] "GET /api/v1/books HTTP/1.1" 200 9294 "-" "PostmanRuntime/7.26.8"
::1 - - [29/Jan/2021:10:04:35 +0000] "GET /api/v1/books?page=5 HTTP/1.1" 200 119 "-" "PostmanRuntime/7.26.8"
::1 - - [29/Jan/2021:10:04:45 +0000] "GET /api/v1/books?page=4 HTTP/1.1" 200 1915 "-" "PostmanRuntime/7.26.8"
::1 - - [29/Jan/2021:10:05:29 +0000] "POST /api/v1/books HTTP/1.1" 200 1779 "-" "PostmanRuntime/7.26.8"
::1 - - [29/Jan/2021:10:09:38 +0000] "PUT /api/v1/books/6006c22f02456b1aa494487d HTTP/1.1" 200 1859 "-" "PostmanRuntime/7.26.8"
::1 - - [29/Jan/2021:11:00:24 +0000] "POST /api/v1/users/register HTTP/1.1" 200 446 "-" "PostmanRuntime/7.26.8"
::1 - - [29/Jan/2021:11:01:47 +0000] "PUT /api/v1/books/6006c22f02456b1aa494487 HTTP/1.1" 500 124 "-" "PostmanRuntime/7.26.8"
::1 - - [29/Jan/2021:11:02:32 +0000] "PUT /api/v1/books/6006c22f02456b1aa494487 HTTP/1.1" 500 124 "-" "PostmanRuntime/7.26.8"
::1 - - [29/Jan/2021:11:05:04 +0000] "GET /api/v1/users HTTP/1.1" 200 814 "-" "PostmanRuntime/7.26.8"
::1 - - [29/Jan/2021:11:06:35 +0000] "GET /api/v1/users/600abb0ca00fcc14303bc430 HTTP/1.1" 200 169 "-" "PostmanRuntime/7.26.8"
::1 - - [29/Jan/2021:11:08:13 +0000] "PUT /api/v1/users/600abb0ca00fcc14303bc430 HTTP/1.1" 200 170 "-" "PostmanRuntime/7.26.8"
::1 - - [29/Jan/2021:11:08:41 +0000] "GET /api/v1/users/600abb0ca00fcc14303bc430 HTTP/1.1" 200 170 "-" "PostmanRuntime/7.26.8"
::1 - - [29/Jan/2021:11:09:19 +0000] "GET /api/v1/users/ HTTP/1.1" 200 815 "-" "PostmanRuntime/7.26.8"
::1 - - [29/Jan/2021:11:09:49 +0000] "DELETE /api/v1/users/600ac5ca13fcc11a5000c47b HTTP/1.1" 200 162 "-" "PostmanRuntime/7.26.8"
::1 - - [29/Jan/2021:11:10:02 +0000] "GET /api/v1/users HTTP/1.1" 200 676 "-" "PostmanRuntime/7.26.8"
::1 - - [29/Jan/2021:11:13:08 +0000] "POST /api/v1/users/ HTTP/1.1" 400 110 "-" "PostmanRuntime/7.26.8"
::1 - - [29/Jan/2021:11:15:17 +0000] "POST /api/v1/users/ HTTP/1.1" 400 126 "-" "PostmanRuntime/7.26.8"
::1 - - [29/Jan/2021:11:16:29 +0000] "POST /api/v1/users/ HTTP/1.1" 200 240 "-" "PostmanRuntime/7.26.8"
::1 - - [31/Jan/2021:05:59:38 +0000] "GET /api/v1/users HTTP/1.1" 200 819 "-" "PostmanRuntime/7.26.8"
::1 - - [31/Jan/2021:06:21:18 +0000] "GET /api/v1/users HTTP/1.1" 200 104 "-" "PostmanRuntime/7.26.8"
::1 - - [31/Jan/2021:06:21:23 +0000] "GET /api/v1/books?page=4 HTTP/1.1" 200 117 "-" "PostmanRuntime/7.26.8"
::1 - - [31/Jan/2021:06:21:57 +0000] "GET /api/v1/books?page=4 HTTP/1.1" 200 5489 "-" "PostmanRuntime/7.26.8"
::1 - - [31/Jan/2021:06:22:50 +0000] "GET /api/v1/books?page=1 HTTP/1.1" 200 10536 "-" "PostmanRuntime/7.26.8"
::1 - - [31/Jan/2021:06:23:13 +0000] "GET /api/v1/books?page=2 HTTP/1.1" 200 8948 "-" "PostmanRuntime/7.26.8"
::1 - - [31/Jan/2021:06:23:25 +0000] "GET /api/v1/books?page=4 HTTP/1.1" 200 5489 "-" "PostmanRuntime/7.26.8"
::1 - - [31/Jan/2021:06:23:34 +0000] "GET /api/v1/users HTTP/1.1" 200 528 "-" "PostmanRuntime/7.26.8"
::1 - - [31/Jan/2021:07:52:01 +0000] "GET /api/v1/users/600abb0ca00fcc14303bc430 HTTP/1.1" 200 165 "-" "PostmanRuntime/7.26.8"
::1 - - [31/Jan/2021:07:53:29 +0000] "POST /api/v1/users/login HTTP/1.1" 200 441 "-" "PostmanRuntime/7.26.8"
::1 - - [31/Jan/2021:08:08:46 +0000] "GET /api/v1/users/600abb0ca00fcc14303bc430/books HTTP/1.1" 500 62 "-" "PostmanRuntime/7.26.8"
::1 - - [31/Jan/2021:08:11:40 +0000] "GET /api/v1/users/600abb0ca00fcc14303bc430/books HTTP/1.1" 401 150 "-" "PostmanRuntime/7.26.8"
::1 - - [31/Jan/2021:08:13:46 +0000] "GET /api/v1/users/600abb0ca00fcc14303bc430/books HTTP/1.1" 401 150 "-" "PostmanRuntime/7.26.8"
::1 - - [31/Jan/2021:08:13:48 +0000] "GET /api/v1/users/600abb0ca00fcc14303bc430/books HTTP/1.1" 401 150 "-" "PostmanRuntime/7.26.8"
::1 - - [31/Jan/2021:08:13:57 +0000] "POST /api/v1/users/login HTTP/1.1" 200 441 "-" "PostmanRuntime/7.26.8"
::1 - - [31/Jan/2021:08:14:02 +0000] "GET /api/v1/users/600abb0ca00fcc14303bc430/books HTTP/1.1" 401 150 "-" "PostmanRuntime/7.26.8"
::1 - - [31/Jan/2021:08:14:04 +0000] "GET /api/v1/users/600abb0ca00fcc14303bc430/books HTTP/1.1" 401 150 "-" "PostmanRuntime/7.26.8"
::1 - - [31/Jan/2021:08:14:11 +0000] "POST /api/v1/users/login HTTP/1.1" 200 441 "-" "PostmanRuntime/7.26.8"
::1 - - [31/Jan/2021:08:14:23 +0000] "GET /api/v1/users/600abb0ca00fcc14303bc430/books HTTP/1.1" 401 150 "-" "PostmanRuntime/7.26.8"
::1 - - [31/Jan/2021:08:14:25 +0000] "GET /api/v1/users/600abb0ca00fcc14303bc430/books HTTP/1.1" 401 150 "-" "PostmanRuntime/7.26.8"
::1 - - [31/Jan/2021:08:15:08 +0000] "GET /api/v1/users/600abb0ca00fcc14303bc430/books HTTP/1.1" 500 41 "-" "PostmanRuntime/7.26.8"
::1 - - [31/Jan/2021:08:18:00 +0000] "POST /api/v1/users/login HTTP/1.1" 200 441 "-" "PostmanRuntime/7.26.8"
::1 - - [31/Jan/2021:08:18:07 +0000] "GET /api/v1/users/600abb0ca00fcc14303bc430/books HTTP/1.1" 200 10536 "-" "PostmanRuntime/7.26.8"
::1 - - [31/Jan/2021:08:19:05 +0000] "GET /api/v1/users HTTP/1.1" 200 528 "-" "PostmanRuntime/7.26.8"
::1 - - [31/Jan/2021:08:34:15 +0000] "POST /api/v1/users/login HTTP/1.1" 401 95 "-" "PostmanRuntime/7.26.8"
::1 - - [31/Jan/2021:08:34:22 +0000] "POST /api/v1/users/login HTTP/1.1" 200 449 "-" "PostmanRuntime/7.26.8"
::1 - - [31/Jan/2021:08:34:35 +0000] "GET /api/v1/users/600abb0ca00fcc14303bc430/books HTTP/1.1" 200 6085 "-" "PostmanRuntime/7.26.8"
::1 - - [31/Jan/2021:08:35:06 +0000] "GET /api/v1/users/600abb0ca00fcc14303bc430/books?page=4 HTTP/1.1" 500 41 "-" "PostmanRuntime/7.26.8"
::1 - - [31/Jan/2021:08:35:11 +0000] "GET /api/v1/users/600abb0ca00fcc14303bc430/books?page=1 HTTP/1.1" 500 41 "-" "PostmanRuntime/7.26.8"
::1 - - [31/Jan/2021:08:35:13 +0000] "GET /api/v1/users/600abb0ca00fcc14303bc430/books?page=1 HTTP/1.1" 500 41 "-" "PostmanRuntime/7.26.8"
::1 - - [31/Jan/2021:08:35:20 +0000] "GET /api/v1/users/600abb0ca00fcc14303bc430/books HTTP/1.1" 500 41 "-" "PostmanRuntime/7.26.8"
::1 - - [31/Jan/2021:08:35:22 +0000] "GET /api/v1/users/600abb0ca00fcc14303bc430/books HTTP/1.1" 500 41 "-" "PostmanRuntime/7.26.8"
::1 - - [31/Jan/2021:08:35:32 +0000] "POST /api/v1/users/login HTTP/1.1" 200 449 "-" "PostmanRuntime/7.26.8"
::1 - - [31/Jan/2021:08:35:52 +0000] "GET /api/v1/users/600abb0ca00fcc14303bc430/books HTTP/1.1" 200 6085 "-" "PostmanRuntime/7.26.8"
::1 - - [01/Feb/2021:05:50:23 +0000] "POST /api/v1/users/login HTTP/1.1" 200 441 "-" "PostmanRuntime/7.26.8"
::1 - - [01/Feb/2021:05:50:32 +0000] "PUT /api/v1/books/6006c22f02456b1aa494487 HTTP/1.1" 500 124 "-" "PostmanRuntime/7.26.8"
::1 - - [01/Feb/2021:05:51:15 +0000] "PUT /api/v1/books/6006c22f02456b1aa494487 HTTP/1.1" 400 80 "-" "PostmanRuntime/7.26.8"
::1 - - [01/Feb/2021:05:51:22 +0000] "GET /api/v1/books?page=4 HTTP/1.1" 200 5489 "-" "PostmanRuntime/7.26.8"
::1 - - [01/Feb/2021:05:51:38 +0000] "PUT /api/v1/books/60164c80c35f12067c0107a5 HTTP/1.1" 200 2721 "-" "PostmanRuntime/7.26.8"
::1 - - [01/Feb/2021:05:53:12 +0000] "PUT /api/v1/books/60164c80c35f12067c0107a5 HTTP/1.1" 200 2721 "-" "PostmanRuntime/7.26.8"
::1 - - [01/Feb/2021:05:56:26 +0000] "PUT /api/v1/books/60164c80c35f12067c0107a5 HTTP/1.1" 200 2702 "-" "PostmanRuntime/7.26.8"
::1 - - [01/Feb/2021:05:57:36 +0000] "GET /api/v1/books/60164c80c35f12067c0107a5 HTTP/1.1" 200 2702 "-" "PostmanRuntime/7.26.8"
::1 - - [01/Feb/2021:05:57:58 +0000] "GET /api/v1/users HTTP/1.1" 200 528 "-" "PostmanRuntime/7.26.8"
::1 - - [01/Feb/2021:05:58:55 +0000] "PUT /api/v1/users/6013d77dc314f506c8cf4367 HTTP/1.1" 500 41 "-" "PostmanRuntime/7.26.8"
::1 - - [01/Feb/2021:05:59:08 +0000] "POST /api/v1/users/login HTTP/1.1" 200 441 "-" "PostmanRuntime/7.26.8"
::1 - - [01/Feb/2021:05:59:13 +0000] "PUT /api/v1/users/6013d77dc314f506c8cf4367 HTTP/1.1" 200 159 "-" "PostmanRuntime/7.26.8"
::1 - - [01/Feb/2021:05:59:26 +0000] "POST /api/v1/users/login HTTP/1.1" 200 433 "-" "PostmanRuntime/7.26.8"
::1 - - [01/Feb/2021:05:59:52 +0000] "PUT /api/v1/books/60164c80c35f12067c0107a5 HTTP/1.1" 403 132 "-" "PostmanRuntime/7.26.8"
::1 - - [01/Feb/2021:06:01:00 +0000] "POST /api/v1/users/login HTTP/1.1" 200 449 "-" "PostmanRuntime/7.26.8"
::1 - - [01/Feb/2021:06:01:06 +0000] "PUT /api/v1/books/60164c80c35f12067c0107a5 HTTP/1.1" 200 2679 "-" "PostmanRuntime/7.26.8"
::1 - - [01/Feb/2021:06:01:36 +0000] "PUT /api/v1/books/60164c80c35f12067c0107a6 HTTP/1.1" 403 89 "-" "PostmanRuntime/7.26.8"
::1 - - [01/Feb/2021:06:01:57 +0000] "PUT /api/v1/books/60164c80c35f12067c0107a6 HTTP/1.1" 403 119 "-" "PostmanRuntime/7.26.8"
::1 - - [01/Feb/2021:06:04:11 +0000] "DELETE /api/v1/books/60164c80c35f12067c0107a6 HTTP/1.1" 403 136 "-" "PostmanRuntime/7.26.8"
::1 - - [01/Feb/2021:06:05:17 +0000] "DELETE /api/v1/books/60164c80c35f12067c0107a6 HTTP/1.1" 403 113 "-" "PostmanRuntime/7.26.8"
::1 - - [01/Feb/2021:06:06:03 +0000] "POST /api/v1/books HTTP/1.1" 200 1785 "-" "PostmanRuntime/7.26.8"
::1 - - [01/Feb/2021:06:06:21 +0000] "DELETE /api/v1/books/60179a4b755bc7313c44c074 HTTP/1.1" 200 1785 "-" "PostmanRuntime/7.26.8"
::1 - - [01/Feb/2021:06:06:30 +0000] "GET /api/v1/books/60179a4b755bc7313c44c074 HTTP/1.1" 404 105 "-" "PostmanRuntime/7.26.8"
::1 - - [01/Feb/2021:06:30:03 +0000] "POST /api/v1/users/forgot-password HTTP/1.1" 200 66 "-" "PostmanRuntime/7.26.8"
::1 - - [01/Feb/2021:06:54:14 +0000] "POST /api/v1/users/forgot-password HTTP/1.1" 200 66 "-" "PostmanRuntime/7.26.8"
::1 - - [01/Feb/2021:06:54:26 +0000] "GET /api/v1/users HTTP/1.1" 500 41 "-" "PostmanRuntime/7.26.8"
::1 - - [01/Feb/2021:07:02:20 +0000] "POST /api/v1/users/forgot-password HTTP/1.1" 200 72 "-" "PostmanRuntime/7.26.8"
::1 - - [01/Feb/2021:07:03:28 +0000] "POST /api/v1/users/forgot-password HTTP/1.1" 200 72 "-" "PostmanRuntime/7.26.8"
::1 - - [01/Feb/2021:07:07:45 +0000] "POST /api/v1/users/forgot-password HTTP/1.1" 200 72 "-" "PostmanRuntime/7.26.8"
::1 - - [01/Feb/2021:07:39:15 +0000] "POST /api/v1/users/forgot-password HTTP/1.1" 500 61 "-" "PostmanRuntime/7.26.8"
::1 - - [01/Feb/2021:07:41:30 +0000] "POST /api/v1/users/forgot-password HTTP/1.1" 500 61 "-" "PostmanRuntime/7.26.8"
::1 - - [01/Feb/2021:07:41:38 +0000] "POST /api/v1/users/forgot-password HTTP/1.1" 500 61 "-" "PostmanRuntime/7.26.8"
::1 - - [01/Feb/2021:07:46:11 +0000] "POST /api/v1/users/forgot-password HTTP/1.1" 200 406 "-" "PostmanRuntime/7.26.8"
::1 - - [01/Feb/2021:07:49:13 +0000] "POST /api/v1/users/forgot-password HTTP/1.1" 200 505 "-" "PostmanRuntime/7.26.8"
::1 - - [01/Feb/2021:08:11:15 +0000] "POST /api/v1/users/forgot-password HTTP/1.1" 200 533 "-" "PostmanRuntime/7.26.8"
::1 - - [01/Feb/2021:08:11:28 +0000] "POST /api/v1/users/reset-password HTTP/1.1" 200 433 "-" "PostmanRuntime/7.26.8"
::1 - - [01/Feb/2021:08:11:47 +0000] "POST /api/v1/users/login HTTP/1.1" 401 95 "-" "PostmanRuntime/7.26.8"
::1 - - [01/Feb/2021:08:11:53 +0000] "POST /api/v1/users/login HTTP/1.1" 200 433 "-" "PostmanRuntime/7.26.8"
